<?xml version="1.0" encoding="UTF-8"?>
<!-- Generated by org.testng.reporters.JUnitXMLReporter -->
<testsuite ignored="0" hostname="LAPTOP-U2MSH88I" failures="0" tests="5" name="Test" time="5.237" errors="0" timestamp="2023-03-31T17:24:07 IST">
  <testcase classname="Tests.Test4" name="test1" time="0.004"/>
  <testcase classname="Tests.Test3" name="test1" time="0.001"/>
  <testcase classname="Tests.Test2" name="test1" time="0.001"/>
  <testcase classname="Tests.Test1" name="test1" time="0.002"/>
  <testcase classname="Tests.Test5" name="test1" time="0.001"/>
</testsuite> <!-- Test -->
