<?xml version="1.0" encoding="UTF-8"?>
<!-- Generated by org.testng.reporters.JUnitXMLReporter -->
<testsuite ignored="0" hostname="LAPTOP-U2MSH88I" failures="0" tests="8" name="Test" time="61.788" errors="0" timestamp="2023-04-02T21:10:26 IST">
  <testcase classname="Tests.Test4" name="test1" time="0.009"/>
  <testcase classname="Tests.Test3" name="test1" time="0.001"/>
  <testcase classname="Tests.Test2" name="test4" time="6.438"/>
  <testcase classname="Tests.Test2" name="test5" time="6.281"/>
  <testcase classname="Tests.Test2" name="test6" time="3.249"/>
  <testcase classname="Tests.Test2" name="test7" time="3.372"/>
  <testcase classname="Tests.Test1" name="test1" time="0.0"/>
  <testcase classname="Tests.Test5" name="test1" time="0.0"/>
</testsuite> <!-- Test -->
