<?xml version="1.0" encoding="UTF-8"?>
<testng-results ignored="0" total="5" passed="5" failed="0" skipped="0">
  <reporter-output>
  </reporter-output>
  <suite started-at="2023-03-31T17:24:01 IST" name="Suite" finished-at="2023-03-31T17:24:07 IST" duration-ms="5237">
    <groups>
    </groups>
    <test started-at="2023-03-31T17:24:01 IST" name="Test" finished-at="2023-03-31T17:24:07 IST" duration-ms="5237">
      <class name="Tests.Test4">
        <test-method is-config="true" signature="DriverSetup()[pri:0, instance:Tests.Test4@434a63ab]" started-at="2023-03-31T17:24:01 IST" name="DriverSetup" finished-at="2023-03-31T17:24:01 IST" duration-ms="4" status="PASS">
          <reporter-output>
          </reporter-output>
        </test-method> <!-- DriverSetup -->
        <test-method signature="test1()[pri:0, instance:Tests.Test4@434a63ab]" started-at="2023-03-31T17:24:01 IST" name="test1" finished-at="2023-03-31T17:24:01 IST" duration-ms="4" status="PASS">
          <reporter-output>
          </reporter-output>
        </test-method> <!-- test1 -->
        <test-method is-config="true" signature="CloseDriver()[pri:0, instance:Tests.Test4@434a63ab]" started-at="2023-03-31T17:24:02 IST" name="CloseDriver" finished-at="2023-03-31T17:24:02 IST" duration-ms="0" status="PASS">
          <reporter-output>
          </reporter-output>
        </test-method> <!-- CloseDriver -->
      </class> <!-- Tests.Test4 -->
      <class name="Tests.Test3">
        <test-method is-config="true" signature="DriverSetup()[pri:0, instance:Tests.Test3@f0da945]" started-at="2023-03-31T17:24:02 IST" name="DriverSetup" finished-at="2023-03-31T17:24:02 IST" duration-ms="0" status="PASS">
          <reporter-output>
          </reporter-output>
        </test-method> <!-- DriverSetup -->
        <test-method signature="test1()[pri:0, instance:Tests.Test3@f0da945]" started-at="2023-03-31T17:24:02 IST" name="test1" finished-at="2023-03-31T17:24:02 IST" duration-ms="1" status="PASS">
          <reporter-output>
          </reporter-output>
        </test-method> <!-- test1 -->
        <test-method is-config="true" signature="CloseDriver()[pri:0, instance:Tests.Test3@f0da945]" started-at="2023-03-31T17:24:02 IST" name="CloseDriver" finished-at="2023-03-31T17:24:02 IST" duration-ms="1" status="PASS">
          <reporter-output>
          </reporter-output>
        </test-method> <!-- CloseDriver -->
      </class> <!-- Tests.Test3 -->
      <class name="Tests.Test5">
        <test-method is-config="true" signature="DriverSetup()[pri:0, instance:Tests.Test5@53ce1329]" started-at="2023-03-31T17:24:07 IST" name="DriverSetup" finished-at="2023-03-31T17:24:07 IST" duration-ms="0" status="PASS">
          <reporter-output>
          </reporter-output>
        </test-method> <!-- DriverSetup -->
        <test-method signature="test1()[pri:0, instance:Tests.Test5@53ce1329]" started-at="2023-03-31T17:24:07 IST" name="test1" finished-at="2023-03-31T17:24:07 IST" duration-ms="1" status="PASS">
          <reporter-output>
          </reporter-output>
        </test-method> <!-- test1 -->
        <test-method is-config="true" signature="CloseDriver()[pri:0, instance:Tests.Test5@53ce1329]" started-at="2023-03-31T17:24:07 IST" name="CloseDriver" finished-at="2023-03-31T17:24:07 IST" duration-ms="1" status="PASS">
          <reporter-output>
          </reporter-output>
        </test-method> <!-- CloseDriver -->
      </class> <!-- Tests.Test5 -->
      <class name="Tests.Test2">
        <test-method is-config="true" signature="DriverSetup()[pri:0, instance:Tests.Test2@4803b726]" started-at="2023-03-31T17:24:02 IST" name="DriverSetup" finished-at="2023-03-31T17:24:02 IST" duration-ms="0" status="PASS">
          <reporter-output>
          </reporter-output>
        </test-method> <!-- DriverSetup -->
        <test-method signature="test1()[pri:0, instance:Tests.Test2@4803b726]" started-at="2023-03-31T17:24:02 IST" name="test1" finished-at="2023-03-31T17:24:02 IST" duration-ms="1" status="PASS">
          <reporter-output>
          </reporter-output>
        </test-method> <!-- test1 -->
        <test-method is-config="true" signature="CloseDriver()[pri:0, instance:Tests.Test2@4803b726]" started-at="2023-03-31T17:24:02 IST" name="CloseDriver" finished-at="2023-03-31T17:24:02 IST" duration-ms="0" status="PASS">
          <reporter-output>
          </reporter-output>
        </test-method> <!-- CloseDriver -->
      </class> <!-- Tests.Test2 -->
      <class name="Tests.Test1">
        <test-method is-config="true" signature="DriverSetup()[pri:0, instance:Tests.Test1@ffaa6af]" started-at="2023-03-31T17:24:02 IST" name="DriverSetup" finished-at="2023-03-31T17:24:06 IST" duration-ms="4650" status="PASS">
          <reporter-output>
          </reporter-output>
        </test-method> <!-- DriverSetup -->
        <test-method signature="test1()[pri:0, instance:Tests.Test1@ffaa6af]" started-at="2023-03-31T17:24:06 IST" name="test1" finished-at="2023-03-31T17:24:06 IST" duration-ms="2" status="PASS">
          <reporter-output>
          </reporter-output>
        </test-method> <!-- test1 -->
        <test-method is-config="true" signature="CloseDriver()[pri:0, instance:Tests.Test1@ffaa6af]" started-at="2023-03-31T17:24:06 IST" name="CloseDriver" finished-at="2023-03-31T17:24:07 IST" duration-ms="545" status="PASS">
          <reporter-output>
          </reporter-output>
        </test-method> <!-- CloseDriver -->
      </class> <!-- Tests.Test1 -->
    </test> <!-- Test -->
  </suite> <!-- Suite -->
</testng-results>
